<?xml version="1.0" encoding="UTF-8"?>
<testsuite xmlns:xsi="http://www.w3.org/2001/XMLSchema-instance" xsi:noNamespaceSchemaLocation="https://maven.apache.org/surefire/maven-surefire-plugin/xsd/surefire-test-report.xsd" version="3.0.2" name="com.yupi.yuimagesearchmcpserver.YuImageSearchMcpServerApplicationTests" time="0.035" tests="1" errors="0" skipped="0" failures="0">
  <properties>
[...]
</properties>
  <testcase name="contextLoads" classname="com.yupi.yuimagesearchmcpserver.YuImageSearchMcpServerApplicationTests" time="0.008">
    <system-out><![CDATA[2025-07-04T03:21:18.253+08:00  INFO 21120 --- [yu-image-search-mcp-server] [           main] t.c.s.AnnotationConfigContextLoaderUtils : Could not detect default configuration classes for test class [com.yupi.yuimagesearchmcpserver.YuImageSearchMcpServerApplicationTests]: YuImageSearchMcpServerApplicationTests does not declare any static, non-private, non-final, nested classes annotated with @Configuration.
2025-07-04T03:21:18.266+08:00  INFO 21120 --- [yu-image-search-mcp-server] [           main] .b.t.c.SpringBootTestContextBootstrapper : Found @SpringBootConfiguration com.yupi.yuimagesearchmcpserver.YuImageSearchMcpServerApplication for test class com.yupi.yuimagesearchmcpserver.YuImageSearchMcpServerApplicationTests
]]></system-out>
  </testcase>
</testsuite>